Starting table:
    +--------------------------------------------------------+
    |o...........................o..........................o|
    |........................................................|
    |........................................................|
    |......9.................................................|
    |........................................................|
    |........................................................|
    |........................................................|
    |..........................C.............................|
    |........................................................|
    |................3.......................................|
    |........................................................|
    |......1.................................................|
    |........................................................|
    |........................................................|
    |o...........................o..........................o|
    +--------------------------------------------------------+

Shot 1 (on 0 fouls): play SAFE — legal contact, no pot, deny the opponent
  cue: 1.00 m/s (soft), stun (tip a=0.00R b=0.00R)
  est. P(pot)=0.00   P(win the rack)=0.75
  -> nothing potted
    +--------------------------------------------------------+
    |o...........................o..........................o|
    |........................................................|
    |........................................................|
    |......9.................................................|
    |........................................................|
    |........................................................|
    |........................................................|
    |........................................................|
    |........................................................|
    |........................................................|
    |..........C.............................................|
    |......1.................................................|
    |........................................................|
    |........................................................|
    |o...3.......................o..........................o|
    +--------------------------------------------------------+

Foul — opponent gets ball-in-hand; you are now on 1 foul. Turn passes.
